<?xml version="1.0" encoding="UTF-8"?>
<testng-results skipped="0" failed="0" ignored="0" total="1" passed="1">
  <reporter-output>
  </reporter-output>
  <suite name="Default suite" duration-ms="26071" started-at="2019-07-09T11:20:08Z" finished-at="2019-07-09T11:20:34Z">
    <groups>
    </groups>
    <test name="Default test" duration-ms="26071" started-at="2019-07-09T11:20:08Z" finished-at="2019-07-09T11:20:34Z">
      <class name="com.training.sanity.tests.TC10_RewardTests">
        <test-method status="PASS" signature="setUpBeforeClass()[pri:0, instance:com.training.sanity.tests.TC10_RewardTests@3bfdc050]" name="setUpBeforeClass" is-config="true" duration-ms="32" started-at="2019-07-09T11:20:08Z" finished-at="2019-07-09T11:20:08Z">
          <reporter-output>
          </reporter-output>
        </test-method> <!-- setUpBeforeClass -->
        <test-method status="PASS" signature="setUp()[pri:0, instance:com.training.sanity.tests.TC10_RewardTests@3bfdc050]" name="setUp" is-config="true" duration-ms="6363" started-at="2019-07-09T11:20:08Z" finished-at="2019-07-09T11:20:14Z">
          <reporter-output>
          </reporter-output>
        </test-method> <!-- setUp -->
        <test-method status="PASS" signature="RewardTest()[pri:0, instance:com.training.sanity.tests.TC10_RewardTests@3bfdc050]" name="RewardTest" duration-ms="17729" started-at="2019-07-09T11:20:14Z" finished-at="2019-07-09T11:20:32Z">
          <reporter-output>
          </reporter-output>
        </test-method> <!-- RewardTest -->
        <test-method status="PASS" signature="tearDown()[pri:0, instance:com.training.sanity.tests.TC10_RewardTests@3bfdc050]" name="tearDown" is-config="true" duration-ms="1915" started-at="2019-07-09T11:20:32Z" finished-at="2019-07-09T11:20:34Z">
          <reporter-output>
          </reporter-output>
        </test-method> <!-- tearDown -->
      </class> <!-- com.training.sanity.tests.TC10_RewardTests -->
    </test> <!-- Default test -->
  </suite> <!-- Default suite -->
</testng-results>
